<?xml version="1.0" encoding="UTF-8"?>
<!-- Generated by org.testng.reporters.JUnitXMLReporter -->
<testsuite hostname="DESKTOP-TAH49DT" ignored="0" name="Test" tests="1" failures="1" timestamp="18 Sep 2018 10:07:53 GMT" time="52.412" errors="0">
  <testcase name="createCustomerTest" time="0.009" classname="testscript.CustomerTest">
    <failure type="java.lang.NullPointerException">
      <![CDATA[java.lang.NullPointerException
at com.licious.objectrepo.chicken.Chicken(chicken.java:14)
at testscript.CustomerTest.createCustomerTest(CustomerTest.java:27)
... Removed 25 stack frames]]>
    </failure>
  </testcase> <!-- createCustomerTest -->
</testsuite> <!-- Test -->
